<?xml version="1.0" encoding="UTF-8"?>
<testng-results skipped="0" failed="0" ignored="0" total="1" passed="1">
  <reporter-output>
  </reporter-output>
  <suite name="Surefire suite" duration-ms="35890" started-at="2021-07-15T09:15:43Z" finished-at="2021-07-15T09:16:19Z">
    <groups>
      <group name="cucumber">
        <method signature="AbstractTestNGCucumberTests.feature(cucumber.api.testng.CucumberFeatureWrapper)[pri:0, instance:Parallel01IT@6ea12c19]" name="feature" class="cucumber.api.testng.AbstractTestNGCucumberTests"/>
      </group> <!-- cucumber -->
    </groups>
    <test name="Surefire test" duration-ms="35890" started-at="2021-07-15T09:15:43Z" finished-at="2021-07-15T09:16:19Z">
      <class name="Parallel01IT">
        <test-method status="PASS" signature="setUpClass()[pri:0, instance:Parallel01IT@6ea12c19]" name="setUpClass" is-config="true" duration-ms="299" started-at="2021-07-15T19:15:43Z" finished-at="2021-07-15T19:15:43Z">
          <reporter-output>
          </reporter-output>
        </test-method> <!-- setUpClass -->
        <test-method status="PASS" signature="feature(cucumber.api.testng.CucumberFeatureWrapper)[pri:0, instance:Parallel01IT@6ea12c19]" name="feature" duration-ms="35453" started-at="2021-07-15T19:15:43Z" description="Runs Cucumber Feature" data-provider="features" finished-at="2021-07-15T19:16:19Z">
          <params>
            <param index="0">
              <value>
                <![CDATA[Borrowing Calculator]]>
              </value>
            </param>
          </params>
          <reporter-output>
          </reporter-output>
        </test-method> <!-- feature -->
        <test-method status="PASS" signature="tearDownClass()[pri:0, instance:Parallel01IT@6ea12c19]" name="tearDownClass" is-config="true" duration-ms="59" started-at="2021-07-15T19:16:19Z" finished-at="2021-07-15T19:16:19Z">
          <reporter-output>
          </reporter-output>
        </test-method> <!-- tearDownClass -->
      </class> <!-- Parallel01IT -->
    </test> <!-- Surefire test -->
  </suite> <!-- Surefire suite -->
</testng-results>
